{"/home/ls/Workspace/my/lb/lib/CustomRedisClient.ts": {"path":"/home/ls/Workspace/my/lb/lib/CustomRedisClient.ts","statementMap":{"0":{"start":{"line":1,"column":0},"end":{"line":1,"column":32}},"1":{"start":{"line":3,"column":0},"end":{"line":3,"column":null}},"2":{"start":{"line":4,"column":4},"end":{"line":4,"column":null}},"3":{"start":{"line":5,"column":4},"end":{"line":5,"column":null}},"4":{"start":{"line":7,"column":0},"end":{"line":7,"column":null}},"5":{"start":{"line":18,"column":27},"end":{"line":18,"column":71}},"6":{"start":{"line":19,"column":8},"end":{"line":19,"column":null}},"7":{"start":{"line":22,"column":19},"end":{"line":24,"column":null}},"8":{"start":{"line":23,"column":8},"end":{"line":23,"column":null}},"9":{"start":{"line":26,"column":12},"end":{"line":51,"column":null}},"10":{"start":{"line":27,"column":8},"end":{"line":50,"column":null}},"11":{"start":{"line":28,"column":12},"end":{"line":28,"column":null}},"12":{"start":{"line":29,"column":12},"end":{"line":29,"column":null}},"13":{"start":{"line":30,"column":12},"end":{"line":30,"column":null}},"14":{"start":{"line":31,"column":12},"end":{"line":31,"column":null}},"15":{"start":{"line":32,"column":12},"end":{"line":32,"column":null}},"16":{"start":{"line":33,"column":12},"end":{"line":33,"column":null}},"17":{"start":{"line":34,"column":12},"end":{"line":34,"column":null}},"18":{"start":{"line":35,"column":12},"end":{"line":35,"column":null}},"19":{"start":{"line":36,"column":12},"end":{"line":36,"column":null}},"20":{"start":{"line":38,"column":15},"end":{"line":50,"column":null}},"21":{"start":{"line":39,"column":12},"end":{"line":39,"column":29}},"22":{"start":{"line":40,"column":12},"end":{"line":40,"column":null}},"23":{"start":{"line":41,"column":12},"end":{"line":41,"column":null}},"24":{"start":{"line":42,"column":12},"end":{"line":42,"column":null}},"25":{"start":{"line":43,"column":12},"end":{"line":43,"column":null}},"26":{"start":{"line":44,"column":12},"end":{"line":44,"column":null}},"27":{"start":{"line":45,"column":12},"end":{"line":45,"column":null}},"28":{"start":{"line":46,"column":12},"end":{"line":46,"column":null}},"29":{"start":{"line":47,"column":12},"end":{"line":47,"column":null}},"30":{"start":{"line":49,"column":12},"end":{"line":49,"column":null}},"31":{"start":{"line":52,"column":0},"end":{"line":52,"column":null}},"32":{"start":{"line":54,"column":0},"end":{"line":54,"column":null}}},"fnMap":{"0":{"name":"(anonymous_0)","decl":{"start":{"line":3,"column":0},"end":{"line":3,"column":12}},"loc":{"start":{"line":3,"column":27},"end":{"line":6,"column":1}}},"1":{"name":"(anonymous_1)","decl":{"start":{"line":7,"column":0},"end":{"line":7,"column":null}},"loc":{"start":{"line":7,"column":0},"end":{"line":52,"column":null}}},"2":{"name":"CustomRedisClient","decl":{"start":{"line":17,"column":4},"end":{"line":17,"column":16}},"loc":{"start":{"line":17,"column":32},"end":{"line":20,"column":5}}},"3":{"name":"(anonymous_3)","decl":{"start":{"line":22,"column":4},"end":{"line":22,"column":19}},"loc":{"start":{"line":22,"column":49},"end":{"line":24,"column":5}}},"4":{"name":"(anonymous_4)","decl":{"start":{"line":26,"column":4},"end":{"line":26,"column":12}},"loc":{"start":{"line":26,"column":56},"end":{"line":51,"column":5}}},"5":{"name":"(anonymous_5)","decl":{"start":{"line":40,"column":23},"end":{"line":40,"column":31}},"loc":{"start":{"line":40,"column":23},"end":{"line":40,"column":32}}},"6":{"name":"(anonymous_6)","decl":{"start":{"line":41,"column":23},"end":{"line":41,"column":31}},"loc":{"start":{"line":41,"column":23},"end":{"line":41,"column":32}}},"7":{"name":"(anonymous_7)","decl":{"start":{"line":42,"column":23},"end":{"line":42,"column":31}},"loc":{"start":{"line":42,"column":23},"end":{"line":42,"column":32}}},"8":{"name":"(anonymous_8)","decl":{"start":{"line":43,"column":26},"end":{"line":43,"column":34}},"loc":{"start":{"line":43,"column":26},"end":{"line":43,"column":35}}},"9":{"name":"(anonymous_9)","decl":{"start":{"line":44,"column":24},"end":{"line":44,"column":32}},"loc":{"start":{"line":44,"column":24},"end":{"line":44,"column":33}}},"10":{"name":"(anonymous_10)","decl":{"start":{"line":45,"column":26},"end":{"line":45,"column":34}},"loc":{"start":{"line":45,"column":26},"end":{"line":45,"column":35}}},"11":{"name":"(anonymous_11)","decl":{"start":{"line":46,"column":29},"end":{"line":46,"column":37}},"loc":{"start":{"line":46,"column":29},"end":{"line":46,"column":38}}},"12":{"name":"(anonymous_12)","decl":{"start":{"line":47,"column":28},"end":{"line":47,"column":36}},"loc":{"start":{"line":47,"column":28},"end":{"line":47,"column":37}}}},"branchMap":{"0":{"loc":{"start":{"line":3,"column":12},"end":{"line":3,"column":27}},"type":"binary-expr","locations":[{"start":{"line":3,"column":12},"end":{"line":3,"column":27}},{"start":{"line":3,"column":12},"end":{"line":3,"column":null}}]},"1":{"loc":{"start":{"line":27,"column":8},"end":{"line":50,"column":null}},"type":"if","locations":[{"start":{"line":27,"column":8},"end":{"line":50,"column":null}},{"start":{"line":27,"column":8},"end":{"line":50,"column":null}}]},"2":{"loc":{"start":{"line":38,"column":15},"end":{"line":50,"column":null}},"type":"if","locations":[{"start":{"line":38,"column":15},"end":{"line":50,"column":null}},{"start":{"line":38,"column":15},"end":{"line":50,"column":null}}]}},"s":{"0":1,"1":1,"2":1,"3":1,"4":1,"5":2,"6":2,"7":1,"8":2,"9":1,"10":2,"11":1,"12":1,"13":1,"14":1,"15":1,"16":1,"17":1,"18":1,"19":1,"20":1,"21":1,"22":1,"23":1,"24":1,"25":1,"26":1,"27":1,"28":1,"29":1,"30":0,"31":1,"32":1},"f":{"0":1,"1":1,"2":2,"3":2,"4":2,"5":0,"6":0,"7":0,"8":0,"9":0,"10":0,"11":0,"12":0},"b":{"0":[1,1],"1":[1,1],"2":[1,0]}}
,"/home/ls/Workspace/my/lb/lib/Leaderboard.ts": {"path":"/home/ls/Workspace/my/lb/lib/Leaderboard.ts","statementMap":{"0":{"start":{"line":1,"column":0},"end":{"line":1,"column":51}},"1":{"start":{"line":6,"column":0},"end":{"line":6,"column":null}},"2":{"start":{"line":9,"column":39},"end":{"line":9,"column":54}},"3":{"start":{"line":9,"column":64},"end":{"line":9,"column":88}},"4":{"start":{"line":10,"column":4},"end":{"line":12,"column":null}},"5":{"start":{"line":13,"column":4},"end":{"line":13,"column":39}},"6":{"start":{"line":16,"column":8},"end":{"line":18,"column":null}},"7":{"start":{"line":17,"column":4},"end":{"line":17,"column":null}},"8":{"start":{"line":19,"column":8},"end":{"line":21,"column":null}},"9":{"start":{"line":20,"column":4},"end":{"line":20,"column":null}},"10":{"start":{"line":22,"column":8},"end":{"line":24,"column":null}},"11":{"start":{"line":23,"column":4},"end":{"line":23,"column":54}},"12":{"start":{"line":25,"column":8},"end":{"line":33,"column":null}},"13":{"start":{"line":25,"column":19},"end":{"line":25,"column":42}},"14":{"start":{"line":25,"column":42},"end":{"line":25,"column":null}},"15":{"start":{"line":26,"column":19},"end":{"line":31,"column":null}},"16":{"start":{"line":26,"column":10},"end":{"line":31,"column":null}},"17":{"start":{"line":32,"column":4},"end":{"line":32,"column":53}},"18":{"start":{"line":34,"column":10},"end":{"line":47,"column":null}},"19":{"start":{"line":35,"column":21},"end":{"line":35,"column":23}},"20":{"start":{"line":36,"column":20},"end":{"line":36,"column":72}},"21":{"start":{"line":36,"column":56},"end":{"line":36,"column":72}},"22":{"start":{"line":37,"column":19},"end":{"line":37,"column":71}},"23":{"start":{"line":37,"column":55},"end":{"line":37,"column":71}},"24":{"start":{"line":39,"column":4},"end":{"line":45,"column":null}},"25":{"start":{"line":39,"column":17},"end":{"line":39,"column":18}},"26":{"start":{"line":40,"column":6},"end":{"line":44,"column":9}},"27":{"start":{"line":46,"column":4},"end":{"line":46,"column":20}},"28":{"start":{"line":48,"column":0},"end":{"line":48,"column":null}}},"fnMap":{"0":{"name":"(anonymous_14)","decl":{"start":{"line":6,"column":0},"end":{"line":6,"column":null}},"loc":{"start":{"line":6,"column":0},"end":{"line":48,"column":null}}},"1":{"name":"Leaderboard","decl":{"start":{"line":9,"column":2},"end":{"line":9,"column":14}},"loc":{"start":{"line":9,"column":88},"end":{"line":14,"column":3}}},"2":{"name":"(anonymous_16)","decl":{"start":{"line":16,"column":2},"end":{"line":16,"column":8}},"loc":{"start":{"line":16,"column":45},"end":{"line":18,"column":null}}},"3":{"name":"(anonymous_19)","decl":{"start":{"line":19,"column":2},"end":{"line":19,"column":8}},"loc":{"start":{"line":19,"column":31},"end":{"line":21,"column":null}}},"4":{"name":"(anonymous_22)","decl":{"start":{"line":22,"column":2},"end":{"line":22,"column":8}},"loc":{"start":{"line":22,"column":30},"end":{"line":24,"column":null}}},"5":{"name":"(anonymous_25)","decl":{"start":{"line":25,"column":2},"end":{"line":25,"column":8}},"loc":{"start":{"line":25,"column":62},"end":{"line":33,"column":null}}},"6":{"name":"(anonymous_28)","decl":{"start":{"line":34,"column":2},"end":{"line":34,"column":10}},"loc":{"start":{"line":34,"column":70},"end":{"line":47,"column":3}}},"7":{"name":"(anonymous_29)","decl":{"start":{"line":36,"column":41},"end":{"line":36,"column":42}},"loc":{"start":{"line":36,"column":51},"end":{"line":36,"column":61}}},"8":{"name":"(anonymous_30)","decl":{"start":{"line":37,"column":40},"end":{"line":37,"column":41}},"loc":{"start":{"line":37,"column":50},"end":{"line":37,"column":60}}}},"branchMap":{"0":{"loc":{"start":{"line":11,"column":6},"end":{"line":11,"column":17}},"type":"cond-expr","locations":[{"start":{"line":11,"column":6},"end":{"line":11,"column":17}},{"start":{"line":12,"column":6},"end":{"line":12,"column":40}}]},"1":{"loc":{"start":{"line":25,"column":19},"end":{"line":25,"column":42}},"type":"if","locations":[{"start":{"line":25,"column":19},"end":{"line":25,"column":42}},{"start":{"line":25,"column":19},"end":{"line":25,"column":42}}]},"2":{"loc":{"start":{"line":25,"column":42},"end":{"line":25,"column":null}},"type":"if","locations":[{"start":{"line":25,"column":42},"end":{"line":25,"column":null}},{"start":{"line":25,"column":42},"end":{"line":25,"column":null}}]},"3":{"loc":{"start":{"line":26,"column":19},"end":{"line":31,"column":null}},"type":"switch","locations":[{"start":{"line":26,"column":19},"end":{"line":31,"column":null}}]}},"s":{"0":1,"1":1,"2":1,"3":1,"4":1,"5":1,"6":1,"7":0,"8":1,"9":0,"10":1,"11":0,"12":1,"13":0,"14":0,"15":0,"16":0,"17":0,"18":1,"19":0,"20":0,"21":0,"22":0,"23":0,"24":0,"25":0,"26":0,"27":0,"28":1},"f":{"0":1,"1":1,"2":0,"3":0,"4":0,"5":0,"6":0,"7":0,"8":0},"b":{"0":[1,0],"1":[0,0],"2":[0,0],"3":[0]}}
,"/home/ls/Workspace/my/lb/tests/redisClients.ts": {"path":"/home/ls/Workspace/my/lb/tests/redisClients.ts","statementMap":{"0":{"start":{"line":1,"column":0},"end":{"line":1,"column":26}},"1":{"start":{"line":2,"column":0},"end":{"line":2,"column":30}},"2":{"start":{"line":3,"column":0},"end":{"line":3,"column":33}},"3":{"start":{"line":4,"column":0},"end":{"line":4,"column":56}},"4":{"start":{"line":6,"column":15},"end":{"line":9,"column":2}},"5":{"start":{"line":11,"column":13},"end":{"line":17,"column":null}},"6":{"start":{"line":13,"column":8},"end":{"line":13,"column":34}},"7":{"start":{"line":16,"column":8},"end":{"line":16,"column":70}},"8":{"start":{"line":19,"column":27},"end":{"line":29,"column":null}},"9":{"start":{"line":21,"column":10},"end":{"line":28,"column":null}},"10":{"start":{"line":22,"column":8},"end":{"line":26,"column":11}},"11":{"start":{"line":23,"column":12},"end":{"line":25,"column":15}},"12":{"start":{"line":24,"column":16},"end":{"line":24,"column":30}},"13":{"start":{"line":27,"column":8},"end":{"line":27,"column":60}},"14":{"start":{"line":27,"column":37},"end":{"line":27,"column":59}},"15":{"start":{"line":31,"column":13},"end":{"line":31,"column":49}},"16":{"start":{"line":33,"column":13},"end":{"line":33,"column":null}},"17":{"start":{"line":34,"column":13},"end":{"line":34,"column":null}},"18":{"start":{"line":36,"column":0},"end":{"line":39,"column":3}},"19":{"start":{"line":36,"column":10},"end":{"line":39,"column":2}},"20":{"start":{"line":37,"column":4},"end":{"line":37,"column":null}},"21":{"start":{"line":38,"column":4},"end":{"line":38,"column":37}},"22":{"start":{"line":41,"column":0},"end":{"line":45,"column":3}},"23":{"start":{"line":41,"column":9},"end":{"line":45,"column":2}},"24":{"start":{"line":42,"column":4},"end":{"line":42,"column":null}},"25":{"start":{"line":43,"column":4},"end":{"line":43,"column":36}},"26":{"start":{"line":44,"column":4},"end":{"line":44,"column":null}}},"fnMap":{"0":{"name":"(anonymous_14)","decl":{"start":{"line":12,"column":17},"end":{"line":12,"column":27}},"loc":{"start":{"line":12,"column":30},"end":{"line":14,"column":5}}},"1":{"name":"(anonymous_15)","decl":{"start":{"line":15,"column":19},"end":{"line":15,"column":null}},"loc":{"start":{"line":15,"column":19},"end":{"line":17,"column":5}}},"2":{"name":"(anonymous_16)","decl":{"start":{"line":21,"column":10},"end":{"line":21,"column":null}},"loc":{"start":{"line":21,"column":10},"end":{"line":28,"column":null}}},"3":{"name":"(anonymous_19)","decl":{"start":{"line":22,"column":26},"end":{"line":22,"column":27}},"loc":{"start":{"line":22,"column":34},"end":{"line":26,"column":9}}},"4":{"name":"(anonymous_20)","decl":{"start":{"line":23,"column":29},"end":{"line":23,"column":null}},"loc":{"start":{"line":23,"column":29},"end":{"line":25,"column":13}}},"5":{"name":"(anonymous_21)","decl":{"start":{"line":27,"column":26},"end":{"line":27,"column":33}},"loc":{"start":{"line":27,"column":33},"end":{"line":27,"column":49}}},"6":{"name":"(anonymous_22)","decl":{"start":{"line":36,"column":10},"end":{"line":36,"column":null}},"loc":{"start":{"line":36,"column":10},"end":{"line":39,"column":2}}},"7":{"name":"(anonymous_25)","decl":{"start":{"line":41,"column":9},"end":{"line":41,"column":null}},"loc":{"start":{"line":41,"column":9},"end":{"line":45,"column":2}}}},"branchMap":{"0":{"loc":{"start":{"line":22,"column":8},"end":{"line":26,"column":11}},"type":"switch","locations":[{"start":{"line":22,"column":8},"end":{"line":26,"column":11}}]}},"s":{"0":1,"1":1,"2":1,"3":1,"4":1,"5":1,"6":0,"7":1,"8":1,"9":1,"10":2,"11":1,"12":1,"13":2,"14":1,"15":1,"16":1,"17":1,"18":1,"19":1,"20":1,"21":2,"22":1,"23":1,"24":1,"25":2,"26":1},"f":{"0":0,"1":1,"2":2,"3":1,"4":1,"5":1,"6":2,"7":2},"b":{"0":[1]}}
}
