TN:
SF:lib/CustomRedisClient.ts
FN:3,(anonymous_0)
FN:7,(anonymous_1)
FN:17,CustomRedisClient
FN:22,(anonymous_3)
FN:26,(anonymous_4)
FN:40,(anonymous_5)
FN:41,(anonymous_6)
FN:42,(anonymous_7)
FN:43,(anonymous_8)
FN:44,(anonymous_9)
FN:45,(anonymous_10)
FN:46,(anonymous_11)
FN:47,(anonymous_12)
FNF:13
FNH:5
FNDA:1,(anonymous_0)
FNDA:1,(anonymous_1)
FNDA:2,CustomRedisClient
FNDA:2,(anonymous_3)
FNDA:2,(anonymous_4)
FNDA:0,(anonymous_5)
FNDA:0,(anonymous_6)
FNDA:0,(anonymous_7)
FNDA:0,(anonymous_8)
FNDA:0,(anonymous_9)
FNDA:0,(anonymous_10)
FNDA:0,(anonymous_11)
FNDA:0,(anonymous_12)
DA:1,1
DA:3,1
DA:4,1
DA:5,1
DA:7,1
DA:18,2
DA:19,2
DA:22,1
DA:23,2
DA:26,1
DA:27,2
DA:28,1
DA:29,1
DA:30,1
DA:31,1
DA:32,1
DA:33,1
DA:34,1
DA:35,1
DA:36,1
DA:38,1
DA:39,1
DA:40,1
DA:41,1
DA:42,1
DA:43,1
DA:44,1
DA:45,1
DA:46,1
DA:47,1
DA:49,0
DA:52,1
DA:54,1
LF:33
LH:32
BRDA:3,0,0,1
BRDA:3,0,1,1
BRDA:27,1,0,1
BRDA:27,1,1,1
BRDA:38,2,0,1
BRDA:38,2,1,0
BRF:6
BRH:5
end_of_record
TN:
SF:lib/Leaderboard.ts
FN:6,(anonymous_14)
FN:9,Leaderboard
FN:16,(anonymous_16)
FN:19,(anonymous_19)
FN:22,(anonymous_22)
FN:25,(anonymous_25)
FN:34,(anonymous_28)
FN:36,(anonymous_29)
FN:37,(anonymous_30)
FNF:9
FNH:2
FNDA:1,(anonymous_14)
FNDA:1,Leaderboard
FNDA:0,(anonymous_16)
FNDA:0,(anonymous_19)
FNDA:0,(anonymous_22)
FNDA:0,(anonymous_25)
FNDA:0,(anonymous_28)
FNDA:0,(anonymous_29)
FNDA:0,(anonymous_30)
DA:1,1
DA:6,1
DA:9,1
DA:10,1
DA:13,1
DA:16,1
DA:17,0
DA:19,1
DA:20,0
DA:22,1
DA:23,0
DA:25,1
DA:26,0
DA:32,0
DA:34,1
DA:35,0
DA:36,0
DA:37,0
DA:39,0
DA:40,0
DA:46,0
DA:48,1
LF:22
LH:11
BRDA:11,0,0,1
BRDA:11,0,1,0
BRDA:25,1,0,0
BRDA:25,1,1,0
BRDA:25,2,0,0
BRDA:25,2,1,0
BRDA:26,3,0,0
BRF:7
BRH:1
end_of_record
TN:
SF:tests/redisClients.ts
FN:12,(anonymous_14)
FN:15,(anonymous_15)
FN:21,(anonymous_16)
FN:22,(anonymous_19)
FN:23,(anonymous_20)
FN:27,(anonymous_21)
FN:36,(anonymous_22)
FN:41,(anonymous_25)
FNF:8
FNH:7
FNDA:0,(anonymous_14)
FNDA:1,(anonymous_15)
FNDA:2,(anonymous_16)
FNDA:1,(anonymous_19)
FNDA:1,(anonymous_20)
FNDA:1,(anonymous_21)
FNDA:2,(anonymous_22)
FNDA:2,(anonymous_25)
DA:1,1
DA:2,1
DA:3,1
DA:4,1
DA:6,1
DA:11,1
DA:13,0
DA:16,1
DA:19,1
DA:21,1
DA:22,2
DA:23,1
DA:24,1
DA:27,2
DA:31,1
DA:33,1
DA:34,1
DA:36,1
DA:37,1
DA:38,2
DA:41,1
DA:42,1
DA:43,2
DA:44,1
LF:24
LH:23
BRDA:22,0,0,1
BRF:1
BRH:1
end_of_record
